# JRE version: Java(TM) SE Runtime Environment (7.0_51-b13) (build 1.7.0_51-b13)
# Java VM: Java HotSpot(TM) 64-Bit Server VM (24.51-b03 mixed mode windows-amd64 compressed oops)
Heap
 PSYoungGen      total 537088K, used 425241K [0x00000007ab000000, 0x00000007d0500000, 0x0000000800000000)
  eden space 482304K, 82% used [0x00000007ab000000,0x00000007c36086e8,0x00000007c8700000)
  from space 54784K, 47% used [0x00000007c8700000,0x00000007ca03dfc8,0x00000007cbc80000)
  to   space 35328K, 0% used [0x00000007cbc80000,0x00000007cbc80000,0x00000007cdf00000)
 ParOldGen       total 174080K, used 108193K [0x0000000701000000, 0x000000070ba00000, 0x00000007ab000000)
  object space 174080K, 62% used [0x0000000701000000,0x00000007079a86f8,0x000000070ba00000)
 PSPermGen       total 56832K, used 38880K [0x00000006fbe00000, 0x00000006ff580000, 0x0000000701000000)
  object space 56832K, 68% used [0x00000006fbe00000,0x00000006fe3f8040,0x00000006ff580000)
GC Heap History (10 events):
Event: 11.036 GC heap before
{Heap before GC invocations=13 (full 2):
 PSYoungGen      total 517632K, used 0K [0x00000007ab000000, 0x00000007d0500000, 0x0000000800000000)
  eden space 482304K, 0% used [0x00000007ab000000,0x00000007ab000000,0x00000007c8700000)
  from space 35328K, 0% used [0x00000007cbc80000,0x00000007cbc80000,0x00000007cdf00000)
  to   space 54784K, 0% used [0x00000007c8700000,0x00000007c8700000,0x00000007cbc80000)
 ParOldGen       total 174080K, used 58591K [0x0000000701000000, 0x000000070ba00000, 0x00000007ab000000)
  object space 174080K, 33% used [0x0000000701000000,0x0000000704937e78,0x000000070ba00000)
 PSPermGen       total 51200K, used 29303K [0x00000006fbe00000, 0x00000006ff000000, 0x0000000701000000)
  object space 51200K, 57% used [0x00000006fbe00000,0x00000006fda9dd68,0x00000006ff000000)
Event: 11.037 GC heap after
Heap after GC invocations=13 (full 2):
 PSYoungGen      total 537088K, used 0K [0x00000007ab000000, 0x00000007d0500000, 0x0000000800000000)
  eden space 482304K, 0% used [0x00000007ab000000,0x00000007ab000000,0x00000007c8700000)
  from space 54784K, 0% used [0x00000007c8700000,0x00000007c8700000,0x00000007cbc80000)
  to   space 35328K, 0% used [0x00000007cbc80000,0x00000007cbc80000,0x00000007cdf00000)
 ParOldGen       total 174080K, used 58591K [0x0000000701000000, 0x000000070ba00000, 0x00000007ab000000)
  object space 174080K, 33% used [0x0000000701000000,0x0000000704937e78,0x000000070ba00000)
 PSPermGen       total 51200K, used 29303K [0x00000006fbe00000, 0x00000006ff000000, 0x0000000701000000)
  object space 51200K, 57% used [0x00000006fbe00000,0x00000006fda9dd68,0x00000006ff000000)
}
Event: 11.037 GC heap before
{Heap before GC invocations=14 (full 3):
 PSYoungGen      total 537088K, used 0K [0x00000007ab000000, 0x00000007d0500000, 0x0000000800000000)
  eden space 482304K, 0% used [0x00000007ab000000,0x00000007ab000000,0x00000007c8700000)
  from space 54784K, 0% used [0x00000007c8700000,0x00000007c8700000,0x00000007cbc80000)
  to   space 35328K, 0% used [0x00000007cbc80000,0x00000007cbc80000,0x00000007cdf00000)
 ParOldGen       total 174080K, used 58591K [0x0000000701000000, 0x000000070ba00000, 0x00000007ab000000)
  object space 174080K, 33% used [0x0000000701000000,0x0000000704937e78,0x000000070ba00000)
 PSPermGen       total 51200K, used 29303K [0x00000006fbe00000, 0x00000006ff000000, 0x0000000701000000)
  object space 51200K, 57% used [0x00000006fbe00000,0x00000006fda9dd68,0x00000006ff000000)
Event: 11.075 GC heap after
Heap after GC invocations=14 (full 3):
 PSYoungGen      total 537088K, used 0K [0x00000007ab000000, 0x00000007d0500000, 0x0000000800000000)
  eden space 482304K, 0% used [0x00000007ab000000,0x00000007ab000000,0x00000007c8700000)
  from space 54784K, 0% used [0x00000007c8700000,0x00000007c8700000,0x00000007cbc80000)
  to   space 35328K, 0% used [0x00000007cbc80000,0x00000007cbc80000,0x00000007cdf00000)
 ParOldGen       total 174080K, used 58591K [0x0000000701000000, 0x000000070ba00000, 0x00000007ab000000)
  object space 174080K, 33% used [0x0000000701000000,0x0000000704937e78,0x000000070ba00000)
 PSPermGen       total 53760K, used 29303K [0x00000006fbe00000, 0x00000006ff280000, 0x0000000701000000)
  object space 53760K, 54% used [0x00000006fbe00000,0x00000006fda9dd68,0x00000006ff280000)
}
Event: 12.918 GC heap before
{Heap before GC invocations=15 (full 3):
 PSYoungGen      total 537088K, used 418926K [0x00000007ab000000, 0x00000007d0500000, 0x0000000800000000)
  eden space 482304K, 86% used [0x00000007ab000000,0x00000007c491ba40,0x00000007c8700000)
  from space 54784K, 0% used [0x00000007c8700000,0x00000007c8700000,0x00000007cbc80000)
  to   space 35328K, 0% used [0x00000007cbc80000,0x00000007cbc80000,0x00000007cdf00000)
 ParOldGen       total 174080K, used 58591K [0x0000000701000000, 0x000000070ba00000, 0x00000007ab000000)
  object space 174080K, 33% used [0x0000000701000000,0x0000000704937e78,0x000000070ba00000)
 PSPermGen       total 53760K, used 34389K [0x00000006fbe00000, 0x00000006ff280000, 0x0000000701000000)
  object space 53760K, 63% used [0x00000006fbe00000,0x00000006fdf957a8,0x00000006ff280000)
Event: 12.939 GC heap after
Heap after GC invocations=15 (full 3):
 PSYoungGen      total 517632K, used 35324K [0x00000007ab000000, 0x00000007d0500000, 0x0000000800000000)
  eden space 482304K, 0% used [0x00000007ab000000,0x00000007ab000000,0x00000007c8700000)
  from space 35328K, 99% used [0x00000007cbc80000,0x00000007cdeff310,0x00000007cdf00000)
  to   space 54784K, 0% used [0x00000007c8700000,0x00000007c8700000,0x00000007cbc80000)
 ParOldGen       total 174080K, used 83431K [0x0000000701000000, 0x000000070ba00000, 0x00000007ab000000)
  object space 174080K, 47% used [0x0000000701000000,0x0000000706179f18,0x000000070ba00000)
 PSPermGen       total 53760K, used 34389K [0x00000006fbe00000, 0x00000006ff280000, 0x0000000701000000)
  object space 53760K, 63% used [0x00000006fbe00000,0x00000006fdf957a8,0x00000006ff280000)
}
Event: 12.939 GC heap before
{Heap before GC invocations=16 (full 4):
 PSYoungGen      total 517632K, used 35324K [0x00000007ab000000, 0x00000007d0500000, 0x0000000800000000)
  eden space 482304K, 0% used [0x00000007ab000000,0x00000007ab000000,0x00000007c8700000)
  from space 35328K, 99% used [0x00000007cbc80000,0x00000007cdeff310,0x00000007cdf00000)
  to   space 54784K, 0% used [0x00000007c8700000,0x00000007c8700000,0x00000007cbc80000)
 ParOldGen       total 174080K, used 83431K [0x0000000701000000, 0x000000070ba00000, 0x00000007ab000000)
  object space 174080K, 47% used [0x0000000701000000,0x0000000706179f18,0x000000070ba00000)
 PSPermGen       total 53760K, used 34389K [0x00000006fbe00000, 0x00000006ff280000, 0x0000000701000000)
  object space 53760K, 63% used [0x00000006fbe00000,0x00000006fdf957a8,0x00000006ff280000)
Event: 13.058 GC heap after
Heap after GC invocations=16 (full 4):
 PSYoungGen      total 517632K, used 0K [0x00000007ab000000, 0x00000007d0500000, 0x0000000800000000)
  eden space 482304K, 0% used [0x00000007ab000000,0x00000007ab000000,0x00000007c8700000)
  from space 35328K, 0% used [0x00000007cbc80000,0x00000007cbc80000,0x00000007cdf00000)
  to   space 54784K, 0% used [0x00000007c8700000,0x00000007c8700000,0x00000007cbc80000)
 ParOldGen       total 174080K, used 108193K [0x0000000701000000, 0x000000070ba00000, 0x00000007ab000000)
  object space 174080K, 62% used [0x0000000701000000,0x00000007079a86f8,0x000000070ba00000)
 PSPermGen       total 56832K, used 34387K [0x00000006fbe00000, 0x00000006ff580000, 0x0000000701000000)
  object space 56832K, 60% used [0x00000006fbe00000,0x00000006fdf94e78,0x00000006ff580000)
}
Event: 15.614 GC heap before
{Heap before GC invocations=17 (full 4):
 PSYoungGen      total 517632K, used 481988K [0x00000007ab000000, 0x00000007d0500000, 0x0000000800000000)
  eden space 482304K, 99% used [0x00000007ab000000,0x00000007c86b1398,0x00000007c8700000)
  from space 35328K, 0% used [0x00000007cbc80000,0x00000007cbc80000,0x00000007cdf00000)
  to   space 54784K, 0% used [0x00000007c8700000,0x00000007c8700000,0x00000007cbc80000)
 ParOldGen       total 174080K, used 108193K [0x0000000701000000, 0x000000070ba00000, 0x00000007ab000000)
  object space 174080K, 62% used [0x0000000701000000,0x00000007079a86f8,0x000000070ba00000)
 PSPermGen       total 56832K, used 38362K [0x00000006fbe00000, 0x00000006ff580000, 0x0000000701000000)
  object space 56832K, 67% used [0x00000006fbe00000,0x00000006fe376980,0x00000006ff580000)
Event: 15.621 GC heap after
Heap after GC invocations=17 (full 4):
 PSYoungGen      total 537088K, used 25847K [0x00000007ab000000, 0x00000007d0500000, 0x0000000800000000)
  eden space 482304K, 0% used [0x00000007ab000000,0x00000007ab000000,0x00000007c8700000)
  from space 54784K, 47% used [0x00000007c8700000,0x00000007ca03dfc8,0x00000007cbc80000)
  to   space 35328K, 0% used [0x00000007cbc80000,0x00000007cbc80000,0x00000007cdf00000)
 ParOldGen       total 174080K, used 108193K [0x0000000701000000, 0x000000070ba00000, 0x00000007ab000000)
  object space 174080K, 62% used [0x0000000701000000,0x00000007079a86f8,0x000000070ba00000)
 PSPermGen       total 56832K, used 38362K [0x00000006fbe00000, 0x00000006ff580000, 0x0000000701000000)
  object space 56832K, 67% used [0x00000006fbe00000,0x00000006fe376980,0x00000006ff580000)
}

