# JRE version: Java(TM) SE Runtime Environment (7.0_51-b13) (build 1.7.0_51-b13)
# Java VM: Java HotSpot(TM) 64-Bit Server VM (24.51-b03 mixed mode windows-amd64 compressed oops)
Heap
 PSYoungGen      total 1007616K, used 904900K [0x00000007ab000000, 0x00000007ede00000, 0x0000000800000000)
  eden space 953344K, 94% used [0x00000007ab000000,0x00000007e23b12d0,0x00000007e5300000)
  from space 54272K, 0% used [0x00000007e9300000,0x00000007e9300000,0x00000007ec800000)
  to   space 65536K, 0% used [0x00000007e5300000,0x00000007e5300000,0x00000007e9300000)
 ParOldGen       total 174080K, used 110047K [0x0000000701000000, 0x000000070ba00000, 0x00000007ab000000)
  object space 174080K, 63% used [0x0000000701000000,0x0000000707b77d70,0x000000070ba00000)
 PSPermGen       total 56832K, used 37974K [0x00000006fbe00000, 0x00000006ff580000, 0x0000000701000000)
  object space 56832K, 66% used [0x00000006fbe00000,0x00000006fe315998,0x00000006ff580000)
GC Heap History (10 events):
Event: 27.830 GC heap before
{Heap before GC invocations=12 (full 2):
 PSYoungGen      total 1015296K, used 21668K [0x00000007ab000000, 0x00000007ec700000, 0x0000000800000000)
  eden space 964608K, 0% used [0x00000007ab000000,0x00000007ab000000,0x00000007e5e00000)
  from space 50688K, 42% used [0x00000007e9580000,0x00000007eaaa9180,0x00000007ec700000)
  to   space 53760K, 0% used [0x00000007e5e00000,0x00000007e5e00000,0x00000007e9280000)
 ParOldGen       total 174080K, used 86649K [0x0000000701000000, 0x000000070ba00000, 0x00000007ab000000)
  object space 174080K, 49% used [0x0000000701000000,0x000000070649e728,0x000000070ba00000)
 PSPermGen       total 29696K, used 29428K [0x00000006fbe00000, 0x00000006fdb00000, 0x0000000701000000)
  object space 29696K, 99% used [0x00000006fbe00000,0x00000006fdabd128,0x00000006fdb00000)
Event: 27.942 GC heap after
Heap after GC invocations=12 (full 2):
 PSYoungGen      total 1015296K, used 0K [0x00000007ab000000, 0x00000007ec700000, 0x0000000800000000)
  eden space 964608K, 0% used [0x00000007ab000000,0x00000007ab000000,0x00000007e5e00000)
  from space 50688K, 0% used [0x00000007e9580000,0x00000007e9580000,0x00000007ec700000)
  to   space 53760K, 0% used [0x00000007e5e00000,0x00000007e5e00000,0x00000007e9280000)
 ParOldGen       total 174080K, used 58927K [0x0000000701000000, 0x000000070ba00000, 0x00000007ab000000)
  object space 174080K, 33% used [0x0000000701000000,0x000000070498bc48,0x000000070ba00000)
 PSPermGen       total 51712K, used 29419K [0x00000006fbe00000, 0x00000006ff080000, 0x0000000701000000)
  object space 51712K, 56% used [0x00000006fbe00000,0x00000006fdabadf0,0x00000006ff080000)
}
Event: 27.942 GC heap before
{Heap before GC invocations=13 (full 2):
 PSYoungGen      total 1015296K, used 0K [0x00000007ab000000, 0x00000007ec700000, 0x0000000800000000)
  eden space 964608K, 0% used [0x00000007ab000000,0x00000007ab000000,0x00000007e5e00000)
  from space 50688K, 0% used [0x00000007e9580000,0x00000007e9580000,0x00000007ec700000)
  to   space 53760K, 0% used [0x00000007e5e00000,0x00000007e5e00000,0x00000007e9280000)
 ParOldGen       total 174080K, used 58927K [0x0000000701000000, 0x000000070ba00000, 0x00000007ab000000)
  object space 174080K, 33% used [0x0000000701000000,0x000000070498bc48,0x000000070ba00000)
 PSPermGen       total 51712K, used 29419K [0x00000006fbe00000, 0x00000006ff080000, 0x0000000701000000)
  object space 51712K, 56% used [0x00000006fbe00000,0x00000006fdabadf0,0x00000006ff080000)
Event: 27.943 GC heap after
Heap after GC invocations=13 (full 2):
 PSYoungGen      total 1018368K, used 0K [0x00000007ab000000, 0x00000007ec800000, 0x0000000800000000)
  eden space 964608K, 0% used [0x00000007ab000000,0x00000007ab000000,0x00000007e5e00000)
  from space 53760K, 0% used [0x00000007e5e00000,0x00000007e5e00000,0x00000007e9280000)
  to   space 54272K, 0% used [0x00000007e9300000,0x00000007e9300000,0x00000007ec800000)
 ParOldGen       total 174080K, used 58927K [0x0000000701000000, 0x000000070ba00000, 0x00000007ab000000)
  object space 174080K, 33% used [0x0000000701000000,0x000000070498bc48,0x000000070ba00000)
 PSPermGen       total 51712K, used 29419K [0x00000006fbe00000, 0x00000006ff080000, 0x0000000701000000)
  object space 51712K, 56% used [0x00000006fbe00000,0x00000006fdabadf0,0x00000006ff080000)
}
Event: 27.943 GC heap before
{Heap before GC invocations=14 (full 3):
 PSYoungGen      total 1018368K, used 0K [0x00000007ab000000, 0x00000007ec800000, 0x0000000800000000)
  eden space 964608K, 0% used [0x00000007ab000000,0x00000007ab000000,0x00000007e5e00000)
  from space 53760K, 0% used [0x00000007e5e00000,0x00000007e5e00000,0x00000007e9280000)
  to   space 54272K, 0% used [0x00000007e9300000,0x00000007e9300000,0x00000007ec800000)
 ParOldGen       total 174080K, used 58927K [0x0000000701000000, 0x000000070ba00000, 0x00000007ab000000)
  object space 174080K, 33% used [0x0000000701000000,0x000000070498bc48,0x000000070ba00000)
 PSPermGen       total 51712K, used 29419K [0x00000006fbe00000, 0x00000006ff080000, 0x0000000701000000)
  object space 51712K, 56% used [0x00000006fbe00000,0x00000006fdabadf0,0x00000006ff080000)
Event: 27.983 GC heap after
Heap after GC invocations=14 (full 3):
 PSYoungGen      total 1018368K, used 0K [0x00000007ab000000, 0x00000007ec800000, 0x0000000800000000)
  eden space 964608K, 0% used [0x00000007ab000000,0x00000007ab000000,0x00000007e5e00000)
  from space 53760K, 0% used [0x00000007e5e00000,0x00000007e5e00000,0x00000007e9280000)
  to   space 54272K, 0% used [0x00000007e9300000,0x00000007e9300000,0x00000007ec800000)
 ParOldGen       total 174080K, used 58927K [0x0000000701000000, 0x000000070ba00000, 0x00000007ab000000)
  object space 174080K, 33% used [0x0000000701000000,0x000000070498bc48,0x000000070ba00000)
 PSPermGen       total 54272K, used 29419K [0x00000006fbe00000, 0x00000006ff300000, 0x0000000701000000)
  object space 54272K, 54% used [0x00000006fbe00000,0x00000006fdabadf0,0x00000006ff300000)
}
Event: 29.975 GC heap before
{Heap before GC invocations=15 (full 3):
 PSYoungGen      total 1018368K, used 415798K [0x00000007ab000000, 0x00000007ec800000, 0x0000000800000000)
  eden space 964608K, 43% used [0x00000007ab000000,0x00000007c460da90,0x00000007e5e00000)
  from space 53760K, 0% used [0x00000007e5e00000,0x00000007e5e00000,0x00000007e9280000)
  to   space 54272K, 0% used [0x00000007e9300000,0x00000007e9300000,0x00000007ec800000)
 ParOldGen       total 174080K, used 58927K [0x0000000701000000, 0x000000070ba00000, 0x00000007ab000000)
  object space 174080K, 33% used [0x0000000701000000,0x000000070498bc48,0x000000070ba00000)
 PSPermGen       total 54272K, used 34488K [0x00000006fbe00000, 0x00000006ff300000, 0x0000000701000000)
  object space 54272K, 63% used [0x00000006fbe00000,0x00000006fdfae2a0,0x00000006ff300000)
Event: 29.993 GC heap after
Heap after GC invocations=15 (full 3):
 PSYoungGen      total 1007616K, used 54267K [0x00000007ab000000, 0x00000007ede00000, 0x0000000800000000)
  eden space 953344K, 0% used [0x00000007ab000000,0x00000007ab000000,0x00000007e5300000)
  from space 54272K, 99% used [0x00000007e9300000,0x00000007ec7fef08,0x00000007ec800000)
  to   space 65536K, 0% used [0x00000007e5300000,0x00000007e5300000,0x00000007e9300000)
 ParOldGen       total 174080K, used 64802K [0x0000000701000000, 0x000000070ba00000, 0x00000007ab000000)
  object space 174080K, 37% used [0x0000000701000000,0x0000000704f48998,0x000000070ba00000)
 PSPermGen       total 54272K, used 34488K [0x00000006fbe00000, 0x00000006ff300000, 0x0000000701000000)
  object space 54272K, 63% used [0x00000006fbe00000,0x00000006fdfae2a0,0x00000006ff300000)
}
Event: 29.993 GC heap before
{Heap before GC invocations=16 (full 4):
 PSYoungGen      total 1007616K, used 54267K [0x00000007ab000000, 0x00000007ede00000, 0x0000000800000000)
  eden space 953344K, 0% used [0x00000007ab000000,0x00000007ab000000,0x00000007e5300000)
  from space 54272K, 99% used [0x00000007e9300000,0x00000007ec7fef08,0x00000007ec800000)
  to   space 65536K, 0% used [0x00000007e5300000,0x00000007e5300000,0x00000007e9300000)
 ParOldGen       total 174080K, used 64802K [0x0000000701000000, 0x000000070ba00000, 0x00000007ab000000)
  object space 174080K, 37% used [0x0000000701000000,0x0000000704f48998,0x000000070ba00000)
 PSPermGen       total 54272K, used 34488K [0x00000006fbe00000, 0x00000006ff300000, 0x0000000701000000)
  object space 54272K, 63% used [0x00000006fbe00000,0x00000006fdfae2a0,0x00000006ff300000)
Event: 30.114 GC heap after
Heap after GC invocations=16 (full 4):
 PSYoungGen      total 1007616K, used 0K [0x00000007ab000000, 0x00000007ede00000, 0x0000000800000000)
  eden space 953344K, 0% used [0x00000007ab000000,0x00000007ab000000,0x00000007e5300000)
  from space 54272K, 0% used [0x00000007e9300000,0x00000007e9300000,0x00000007ec800000)
  to   space 65536K, 0% used [0x00000007e5300000,0x00000007e5300000,0x00000007e9300000)
 ParOldGen       total 174080K, used 110047K [0x0000000701000000, 0x000000070ba00000, 0x00000007ab000000)
  object space 174080K, 63% used [0x0000000701000000,0x0000000707b77d70,0x000000070ba00000)
 PSPermGen       total 56832K, used 34485K [0x00000006fbe00000, 0x00000006ff580000, 0x0000000701000000)
  object space 56832K, 60% used [0x00000006fbe00000,0x00000006fdfad750,0x00000006ff580000)
}

