# JRE version: Java(TM) SE Runtime Environment (7.0_51-b13) (build 1.7.0_51-b13)
# Java VM: Java HotSpot(TM) 64-Bit Server VM (24.51-b03 mixed mode windows-amd64 compressed oops)
Heap
 PSYoungGen      total 672768K, used 248768K [0x00000007ab000000, 0x00000007d6b80000, 0x0000000800000000)
  eden space 629248K, 33% used [0x00000007ab000000,0x00000007b7bee250,0x00000007d1680000)
  from space 43520K, 91% used [0x00000007d1680000,0x00000007d3d81ed0,0x00000007d4100000)
  to   space 43520K, 0% used [0x00000007d4100000,0x00000007d4100000,0x00000007d6b80000)
 ParOldGen       total 174080K, used 108265K [0x0000000701000000, 0x000000070ba00000, 0x00000007ab000000)
  object space 174080K, 62% used [0x0000000701000000,0x00000007079ba540,0x000000070ba00000)
 PSPermGen       total 56832K, used 38603K [0x00000006fbe00000, 0x00000006ff580000, 0x0000000701000000)
  object space 56832K, 67% used [0x00000006fbe00000,0x00000006fe3b2e98,0x00000006ff580000)
GC Heap History (10 events):
Event: 10.996 GC heap before
{Heap before GC invocations=15 (full 2):
 PSYoungGen      total 672768K, used 0K [0x00000007ab000000, 0x00000007d6b80000, 0x0000000800000000)
  eden space 629248K, 0% used [0x00000007ab000000,0x00000007ab000000,0x00000007d1680000)
  from space 43520K, 0% used [0x00000007d4100000,0x00000007d4100000,0x00000007d6b80000)
  to   space 43520K, 0% used [0x00000007d1680000,0x00000007d1680000,0x00000007d4100000)
 ParOldGen       total 174080K, used 56553K [0x0000000701000000, 0x000000070ba00000, 0x00000007ab000000)
  object space 174080K, 32% used [0x0000000701000000,0x000000070473a438,0x000000070ba00000)
 PSPermGen       total 51200K, used 29304K [0x00000006fbe00000, 0x00000006ff000000, 0x0000000701000000)
  object space 51200K, 57% used [0x00000006fbe00000,0x00000006fda9e1a0,0x00000006ff000000)
Event: 10.998 GC heap after
Heap after GC invocations=15 (full 2):
 PSYoungGen      total 672768K, used 0K [0x00000007ab000000, 0x00000007d6b80000, 0x0000000800000000)
  eden space 629248K, 0% used [0x00000007ab000000,0x00000007ab000000,0x00000007d1680000)
  from space 43520K, 0% used [0x00000007d1680000,0x00000007d1680000,0x00000007d4100000)
  to   space 43520K, 0% used [0x00000007d4100000,0x00000007d4100000,0x00000007d6b80000)
 ParOldGen       total 174080K, used 56553K [0x0000000701000000, 0x000000070ba00000, 0x00000007ab000000)
  object space 174080K, 32% used [0x0000000701000000,0x000000070473a438,0x000000070ba00000)
 PSPermGen       total 51200K, used 29304K [0x00000006fbe00000, 0x00000006ff000000, 0x0000000701000000)
  object space 51200K, 57% used [0x00000006fbe00000,0x00000006fda9e1a0,0x00000006ff000000)
}
Event: 10.998 GC heap before
{Heap before GC invocations=16 (full 3):
 PSYoungGen      total 672768K, used 0K [0x00000007ab000000, 0x00000007d6b80000, 0x0000000800000000)
  eden space 629248K, 0% used [0x00000007ab000000,0x00000007ab000000,0x00000007d1680000)
  from space 43520K, 0% used [0x00000007d1680000,0x00000007d1680000,0x00000007d4100000)
  to   space 43520K, 0% used [0x00000007d4100000,0x00000007d4100000,0x00000007d6b80000)
 ParOldGen       total 174080K, used 56553K [0x0000000701000000, 0x000000070ba00000, 0x00000007ab000000)
  object space 174080K, 32% used [0x0000000701000000,0x000000070473a438,0x000000070ba00000)
 PSPermGen       total 51200K, used 29304K [0x00000006fbe00000, 0x00000006ff000000, 0x0000000701000000)
  object space 51200K, 57% used [0x00000006fbe00000,0x00000006fda9e1a0,0x00000006ff000000)
Event: 11.035 GC heap after
Heap after GC invocations=16 (full 3):
 PSYoungGen      total 672768K, used 0K [0x00000007ab000000, 0x00000007d6b80000, 0x0000000800000000)
  eden space 629248K, 0% used [0x00000007ab000000,0x00000007ab000000,0x00000007d1680000)
  from space 43520K, 0% used [0x00000007d1680000,0x00000007d1680000,0x00000007d4100000)
  to   space 43520K, 0% used [0x00000007d4100000,0x00000007d4100000,0x00000007d6b80000)
 ParOldGen       total 174080K, used 56553K [0x0000000701000000, 0x000000070ba00000, 0x00000007ab000000)
  object space 174080K, 32% used [0x0000000701000000,0x000000070473a438,0x000000070ba00000)
 PSPermGen       total 53760K, used 29304K [0x00000006fbe00000, 0x00000006ff280000, 0x0000000701000000)
  object space 53760K, 54% used [0x00000006fbe00000,0x00000006fda9e1a0,0x00000006ff280000)
}
Event: 12.761 GC heap before
{Heap before GC invocations=17 (full 3):
 PSYoungGen      total 672768K, used 424277K [0x00000007ab000000, 0x00000007d6b80000, 0x0000000800000000)
  eden space 629248K, 67% used [0x00000007ab000000,0x00000007c4e55430,0x00000007d1680000)
  from space 43520K, 0% used [0x00000007d1680000,0x00000007d1680000,0x00000007d4100000)
  to   space 43520K, 0% used [0x00000007d4100000,0x00000007d4100000,0x00000007d6b80000)
 ParOldGen       total 174080K, used 56553K [0x0000000701000000, 0x000000070ba00000, 0x00000007ab000000)
  object space 174080K, 32% used [0x0000000701000000,0x000000070473a438,0x000000070ba00000)
 PSPermGen       total 53760K, used 34383K [0x00000006fbe00000, 0x00000006ff280000, 0x0000000701000000)
  object space 53760K, 63% used [0x00000006fbe00000,0x00000006fdf93cb0,0x00000006ff280000)
Event: 12.779 GC heap after
Heap after GC invocations=17 (full 3):
 PSYoungGen      total 672768K, used 43497K [0x00000007ab000000, 0x00000007d6b80000, 0x0000000800000000)
  eden space 629248K, 0% used [0x00000007ab000000,0x00000007ab000000,0x00000007d1680000)
  from space 43520K, 99% used [0x00000007d4100000,0x00000007d6b7a590,0x00000007d6b80000)
  to   space 43520K, 0% used [0x00000007d1680000,0x00000007d1680000,0x00000007d4100000)
 ParOldGen       total 174080K, used 72376K [0x0000000701000000, 0x000000070ba00000, 0x00000007ab000000)
  object space 174080K, 41% used [0x0000000701000000,0x00000007056ae3f8,0x000000070ba00000)
 PSPermGen       total 53760K, used 34383K [0x00000006fbe00000, 0x00000006ff280000, 0x0000000701000000)
  object space 53760K, 63% used [0x00000006fbe00000,0x00000006fdf93cb0,0x00000006ff280000)
}
Event: 12.779 GC heap before
{Heap before GC invocations=18 (full 4):
 PSYoungGen      total 672768K, used 43497K [0x00000007ab000000, 0x00000007d6b80000, 0x0000000800000000)
  eden space 629248K, 0% used [0x00000007ab000000,0x00000007ab000000,0x00000007d1680000)
  from space 43520K, 99% used [0x00000007d4100000,0x00000007d6b7a590,0x00000007d6b80000)
  to   space 43520K, 0% used [0x00000007d1680000,0x00000007d1680000,0x00000007d4100000)
 ParOldGen       total 174080K, used 72376K [0x0000000701000000, 0x000000070ba00000, 0x00000007ab000000)
  object space 174080K, 41% used [0x0000000701000000,0x00000007056ae3f8,0x000000070ba00000)
 PSPermGen       total 53760K, used 34383K [0x00000006fbe00000, 0x00000006ff280000, 0x0000000701000000)
  object space 53760K, 63% used [0x00000006fbe00000,0x00000006fdf93cb0,0x00000006ff280000)
Event: 12.884 GC heap after
Heap after GC invocations=18 (full 4):
 PSYoungGen      total 672768K, used 0K [0x00000007ab000000, 0x00000007d6b80000, 0x0000000800000000)
  eden space 629248K, 0% used [0x00000007ab000000,0x00000007ab000000,0x00000007d1680000)
  from space 43520K, 0% used [0x00000007d4100000,0x00000007d4100000,0x00000007d6b80000)
  to   space 43520K, 0% used [0x00000007d1680000,0x00000007d1680000,0x00000007d4100000)
 ParOldGen       total 174080K, used 108249K [0x0000000701000000, 0x000000070ba00000, 0x00000007ab000000)
  object space 174080K, 62% used [0x0000000701000000,0x00000007079b6540,0x000000070ba00000)
 PSPermGen       total 56832K, used 34380K [0x00000006fbe00000, 0x00000006ff580000, 0x0000000701000000)
  object space 56832K, 60% used [0x00000006fbe00000,0x00000006fdf933a0,0x00000006ff580000)
}
Event: 17.935 GC heap before
{Heap before GC invocations=19 (full 4):
 PSYoungGen      total 672768K, used 615143K [0x00000007ab000000, 0x00000007d6b80000, 0x0000000800000000)
  eden space 629248K, 97% used [0x00000007ab000000,0x00000007d08b9ea0,0x00000007d1680000)
  from space 43520K, 0% used [0x00000007d4100000,0x00000007d4100000,0x00000007d6b80000)
  to   space 43520K, 0% used [0x00000007d1680000,0x00000007d1680000,0x00000007d4100000)
 ParOldGen       total 174080K, used 108249K [0x0000000701000000, 0x000000070ba00000, 0x00000007ab000000)
  object space 174080K, 62% used [0x0000000701000000,0x00000007079b6540,0x000000070ba00000)
 PSPermGen       total 56832K, used 38504K [0x00000006fbe00000, 0x00000006ff580000, 0x0000000701000000)
  object space 56832K, 67% used [0x00000006fbe00000,0x00000006fe39a2c0,0x00000006ff580000)
Event: 17.948 GC heap after
Heap after GC invocations=19 (full 4):
 PSYoungGen      total 672768K, used 39943K [0x00000007ab000000, 0x00000007d6b80000, 0x0000000800000000)
  eden space 629248K, 0% used [0x00000007ab000000,0x00000007ab000000,0x00000007d1680000)
  from space 43520K, 91% used [0x00000007d1680000,0x00000007d3d81ed0,0x00000007d4100000)
  to   space 43520K, 0% used [0x00000007d4100000,0x00000007d4100000,0x00000007d6b80000)
 ParOldGen       total 174080K, used 108265K [0x0000000701000000, 0x000000070ba00000, 0x00000007ab000000)
  object space 174080K, 62% used [0x0000000701000000,0x00000007079ba540,0x000000070ba00000)
 PSPermGen       total 56832K, used 38504K [0x00000006fbe00000, 0x00000006ff580000, 0x0000000701000000)
  object space 56832K, 67% used [0x00000006fbe00000,0x00000006fe39a2c0,0x00000006ff580000)
}

